<?xml version="1.0" encoding="UTF-8"?>
<testng-results skipped="0" failed="0" ignored="0" total="0" passed="0">
  <reporter-output>
  </reporter-output>
  <suite name="com.qa.testPages.homePageTest" duration-ms="3" started-at="2019-04-05T11:42:19Z" finished-at="2019-04-05T11:42:19Z">
    <groups>
    </groups>
    <test name="Command line test" duration-ms="3" started-at="2019-04-05T11:42:19Z" finished-at="2019-04-05T11:42:19Z">
    </test> <!-- Command line test -->
  </suite> <!-- com.qa.testPages.homePageTest -->
</testng-results>
